<?xml version="1.0" encoding="UTF-8"?>
<!-- Generated by org.testng.reporters.JUnitXMLReporter -->
<testsuite ignored="0" hostname="DESKTOP-J635KSF" failures="1" tests="2" name="mytest" time="8.384" errors="0" timestamp="2023-10-23T17:03:14 IST">
  <testcase classname="TestNNG.param_test" name="testLogo" time="0.527">
    <failure type="java.lang.AssertionError" message="expected [true] but found [false]">
      <![CDATA[java.lang.AssertionError: expected [true] but found [false]
at TestNNG.param_test.testLogo(param_test.java:55)
at java.base/java.util.ArrayList.forEach(ArrayList.java:1511)
... Removed 34 stack frames]]>
    </failure>
  </testcase> <!-- testLogo -->
  <testcase classname="TestNNG.param_test" name="testHomePageTitle" time="0.021"/>
</testsuite> <!-- mytest -->
