<?xml version="1.0" encoding="UTF-8"?>
<!-- Generated by org.testng.reporters.JUnitXMLReporter -->
<testsuite ignored="6" hostname="DESKTOP-J635KSF" failures="0" tests="3" name="mytest" time="0.122" errors="0" timestamp="2023-12-13T18:52:04 IST">
  <testcase classname="Data_Cause.groups" name="loginbyemail" time="0.011"/>
  <testcase classname="Data_Cause.groups" name="dollaar" time="0.003"/>
  <testcase classname="Data_Cause.groups" name="cad" time="0.003"/>
  <testcase classname="Data_Cause.groups" name="loginbyfb" time="0.0">
    <ignored/>
  </testcase> <!-- loginbyfb -->
  <testcase classname="Data_Cause.groups" name="singbyinsta" time="0.0">
    <ignored/>
  </testcase> <!-- singbyinsta -->
  <testcase classname="Data_Cause.groups" name="singbyfb" time="0.0">
    <ignored/>
  </testcase> <!-- singbyfb -->
  <testcase classname="Data_Cause.groups" name="rupee" time="0.0">
    <ignored/>
  </testcase> <!-- rupee -->
  <testcase classname="Data_Cause.groups" name="loginbyinsta" time="0.0">
    <ignored/>
  </testcase> <!-- loginbyinsta -->
  <testcase classname="Data_Cause.groups" name="singbyemail" time="0.0">
    <ignored/>
  </testcase> <!-- singbyemail -->
</testsuite> <!-- mytest -->
