<?xml version="1.0" encoding="UTF-8"?>
<!-- Generated by org.testng.reporters.JUnitXMLReporter -->
<testsuite ignored="6" hostname="DESKTOP-J635KSF" failures="0" tests="3" name="my test" time="0.164" errors="0" timestamp="2023-10-21T14:38:46 IST">
  <testcase classname="TestNNG.Grouping" name="signupbyfacebook" time="0.018"/>
  <testcase classname="TestNNG.Grouping" name="signupbytwitter" time="0.005"/>
  <testcase classname="TestNNG.Grouping" name="paymentReturnbyBank" time="0.003"/>
  <testcase classname="TestNNG.Grouping" name="paymentindollar" time="0.0">
    <ignored/>
  </testcase> <!-- paymentindollar -->
  <testcase classname="TestNNG.Grouping" name="loginByfacebook" time="0.0">
    <ignored/>
  </testcase> <!-- loginByfacebook -->
  <testcase classname="TestNNG.Grouping" name="paymentinrupees" time="0.0">
    <ignored/>
  </testcase> <!-- paymentinrupees -->
  <testcase classname="TestNNG.Grouping" name="signupbyemail" time="0.0">
    <ignored/>
  </testcase> <!-- signupbyemail -->
  <testcase classname="TestNNG.Grouping" name="loginByEmail" time="0.0">
    <ignored/>
  </testcase> <!-- loginByEmail -->
  <testcase classname="TestNNG.Grouping" name="loginBytwitter" time="0.0">
    <ignored/>
  </testcase> <!-- loginBytwitter -->
</testsuite> <!-- my test -->
